[0.000][INFO]:      ChromeDriver 26.0.1383.0 /usr/local/bin/chromedriver
[0.983][FINE]:      Initializing session with capabilities {
   "browserName": "chrome",
   "chromeOptions": {
      "args": [  ],
      "extensions": [  ]
   },
   "javascriptEnabled": true,
   "platform": "ANY",
   "version": ""
}

[0.983][INFO]:      Launching chrome: /Applications/Google Chrome.app/Contents/MacOS/Google Chrome --disable-hang-monitor --disable-prompt-on-repost --dom-automation --full-memory-crash-report --no-default-browser-check --no-first-run --disable-background-networking --disable-sync --disable-translate --disable-web-resources --safebrowsing-disable-auto-update --safebrowsing-disable-download-protection --disable-client-side-phishing-detection --disable-component-update --disable-default-apps --enable-logging --log-level=1 --use-mock-keychain --ignore-certificate-errors about:blank
[1.462][INFO]:      Connected to Chrome successfully. Version: 27.0.1453.116
[1.472][FINE]:      Command received (/session/58140bad8abc7c9333d13fb3559a1bbd)
[1.472][FINE]:      Command finished (/session/58140bad8abc7c9333d13fb3559a1bbd) with response {
   "sessionId": "58140bad8abc7c9333d13fb3559a1bbd",
   "status": 0,
   "value": {
      "acceptSslCerts": false,
      "applicationCacheEnabled": false,
      "browserConnectionEnabled": false,
      "browserName": "chrome",
      "chrome.chromedriverVersion": "26.0.1383.0",
      "cssSelectorsEnabled": true,
      "databaseEnabled": false,
      "handlesAlerts": true,
      "javascriptEnabled": true,
      "locationContextEnabled": false,
      "nativeEvents": true,
      "platform": "mac",
      "rotatable": false,
      "takesScreenshot": true,
      "version": "27.0.1453.116",
      "webStorageEnabled": true
   }
}

[2.311][FINE]:      Command received (/session/58140bad8abc7c9333d13fb3559a1bbd/url) with params {
   "sessionId": "58140bad8abc7c9333d13fb3559a1bbd",
   "url": "https://rblwatcher.com/"
}

[2.311][FINER]:     Waiting for all views to stop loading...
[2.311][FINER]:     Done waiting for all views to stop loading
[5.026][FINER]:     Waiting for all views to stop loading...
[5.059][FINER]:     Done waiting for all views to stop loading
[5.059][FINE]:      Command finished (/session/58140bad8abc7c9333d13fb3559a1bbd/url) with response {
   "sessionId": "58140bad8abc7c9333d13fb3559a1bbd",
   "status": 0,
   "value": {

   }
}

[5.061][FINE]:      Command received (/session/58140bad8abc7c9333d13fb3559a1bbd/elements) with params {
   "sessionId": "58140bad8abc7c9333d13fb3559a1bbd",
   "using": "name",
   "value": "ip"
}

[5.061][FINER]:     Waiting for all views to stop loading...
[5.085][FINER]:     Done waiting for all views to stop loading
[5.178][FINER]:     Waiting for all views to stop loading...
[5.178][FINER]:     Done waiting for all views to stop loading
[5.179][FINE]:      Command finished (/session/58140bad8abc7c9333d13fb3559a1bbd/elements) with response {
   "sessionId": "58140bad8abc7c9333d13fb3559a1bbd",
   "status": 0,
   "value": [ {
      "ELEMENT": ":wdc:1372456076043"
   } ]
}

[5.180][FINE]:      Command received (/session/58140bad8abc7c9333d13fb3559a1bbd/element/:wdc:1372456076043/attribute/type)
[5.180][FINER]:     Waiting for all views to stop loading...
[5.188][FINER]:     Done waiting for all views to stop loading
[5.219][FINER]:     Waiting for all views to stop loading...
[5.235][FINER]:     Done waiting for all views to stop loading
[5.235][FINE]:      Command finished (/session/58140bad8abc7c9333d13fb3559a1bbd/element/:wdc:1372456076043/attribute/type) with response {
   "sessionId": "58140bad8abc7c9333d13fb3559a1bbd",
   "status": 0,
   "value": "text"
}

[5.237][FINE]:      Command received (/session/58140bad8abc7c9333d13fb3559a1bbd/element/:wdc:1372456076043/clear) with params {
   "id": ":wdc:1372456076043",
   "sessionId": "58140bad8abc7c9333d13fb3559a1bbd"
}

[5.237][FINER]:     Waiting for all views to stop loading...
[5.252][FINER]:     Done waiting for all views to stop loading
[5.292][FINER]:     Waiting for all views to stop loading...
[5.292][FINER]:     Done waiting for all views to stop loading
[5.292][FINE]:      Command finished (/session/58140bad8abc7c9333d13fb3559a1bbd/element/:wdc:1372456076043/clear) with response {
   "sessionId": "58140bad8abc7c9333d13fb3559a1bbd",
   "status": 0,
   "value": null
}

[5.294][FINE]:      Command received (/session/58140bad8abc7c9333d13fb3559a1bbd/element/:wdc:1372456076043/value) with params {
   "id": ":wdc:1372456076043",
   "sessionId": "58140bad8abc7c9333d13fb3559a1bbd",
   "value": [ "1", "7", "3", ".", "2", "5", "4", ".", "2", "2", "9", ".", "7", "9" ]
}

[5.294][FINER]:     Waiting for all views to stop loading...
[5.303][FINER]:     Done waiting for all views to stop loading
[5.671][FINER]:     Waiting for all views to stop loading...
[5.672][FINER]:     Done waiting for all views to stop loading
[5.672][FINE]:      Command finished (/session/58140bad8abc7c9333d13fb3559a1bbd/element/:wdc:1372456076043/value) with response {
   "sessionId": "58140bad8abc7c9333d13fb3559a1bbd",
   "status": 0,
   "value": {

   }
}

[5.675][FINE]:      Command received (/session/58140bad8abc7c9333d13fb3559a1bbd/element) with params {
   "sessionId": "58140bad8abc7c9333d13fb3559a1bbd",
   "using": "id",
   "value": "btn_checkip"
}

[5.675][FINER]:     Waiting for all views to stop loading...
[5.676][FINER]:     Done waiting for all views to stop loading
[5.693][FINER]:     Waiting for all views to stop loading...
[5.694][FINER]:     Done waiting for all views to stop loading
[5.694][FINE]:      Command finished (/session/58140bad8abc7c9333d13fb3559a1bbd/element) with response {
   "sessionId": "58140bad8abc7c9333d13fb3559a1bbd",
   "status": 0,
   "value": {
      "ELEMENT": ":wdc:1372456076044"
   }
}

[5.695][FINE]:      Command received (/session/58140bad8abc7c9333d13fb3559a1bbd/element/:wdc:1372456076044/click) with params {
   "id": ":wdc:1372456076044",
   "sessionId": "58140bad8abc7c9333d13fb3559a1bbd"
}

[5.695][FINER]:     Waiting for all views to stop loading...
[5.696][FINER]:     Done waiting for all views to stop loading
[5.746][FINER]:     Waiting for all views to stop loading...
[5.747][FINER]:     Done waiting for all views to stop loading
[5.747][FINE]:      Command finished (/session/58140bad8abc7c9333d13fb3559a1bbd/element/:wdc:1372456076044/click) with response {
   "sessionId": "58140bad8abc7c9333d13fb3559a1bbd",
   "status": 0,
   "value": {

   }
}

[12.751][FINE]:     Command received (/session/58140bad8abc7c9333d13fb3559a1bbd/elements) with params {
   "sessionId": "58140bad8abc7c9333d13fb3559a1bbd",
   "using": "css selector",
   "value": "div[class=\"blacklisted\"]"
}

[12.751][FINER]:    Waiting for all views to stop loading...
[12.752][FINER]:    Done waiting for all views to stop loading
[12.771][FINER]:    Waiting for all views to stop loading...
[12.771][FINER]:    Done waiting for all views to stop loading
[12.771][FINE]:     Command finished (/session/58140bad8abc7c9333d13fb3559a1bbd/elements) with response {
   "sessionId": "58140bad8abc7c9333d13fb3559a1bbd",
   "status": 0,
   "value": [ {
      "ELEMENT": ":wdc:1372456076045"
   }, {
      "ELEMENT": ":wdc:1372456076046"
   }, {
      "ELEMENT": ":wdc:1372456076047"
   }, {
      "ELEMENT": ":wdc:1372456076048"
   }, {
      "ELEMENT": ":wdc:1372456076049"
   }, {
      "ELEMENT": ":wdc:1372456076050"
   }, {
      "ELEMENT": ":wdc:1372456076051"
   }, {
      "ELEMENT": ":wdc:1372456076052"
   }, {
      "ELEMENT": ":wdc:1372456076053"
   }, {
      "ELEMENT": ":wdc:1372456076054"
   } ]
}

[12.773][FINE]:     Command received (/session/58140bad8abc7c9333d13fb3559a1bbd/elements) with params {
   "sessionId": "58140bad8abc7c9333d13fb3559a1bbd",
   "using": "css selector",
   "value": "div[class=\"nblacklisted\"]"
}

[12.773][FINER]:    Waiting for all views to stop loading...
[12.773][FINER]:    Done waiting for all views to stop loading
[12.792][FINER]:    Waiting for all views to stop loading...
[12.792][FINER]:    Done waiting for all views to stop loading
[12.792][FINE]:     Command finished (/session/58140bad8abc7c9333d13fb3559a1bbd/elements) with response {
   "sessionId": "58140bad8abc7c9333d13fb3559a1bbd",
   "status": 0,
   "value": [ {
      "ELEMENT": ":wdc:1372456076055"
   }, {
      "ELEMENT": ":wdc:1372456076056"
   }, {
      "ELEMENT": ":wdc:1372456076057"
   }, {
      "ELEMENT": ":wdc:1372456076058"
   }, {
      "ELEMENT": ":wdc:1372456076059"
   }, {
      "ELEMENT": ":wdc:1372456076060"
   }, {
      "ELEMENT": ":wdc:1372456076061"
   }, {
      "ELEMENT": ":wdc:1372456076062"
   }, {
      "ELEMENT": ":wdc:1372456076063"
   }, {
      "ELEMENT": ":wdc:1372456076064"
   }, {
      "ELEMENT": ":wdc:1372456076065"
   }, {
      "ELEMENT": ":wdc:1372456076066"
   }, {
      "ELEMENT": ":wdc:1372456076067"
   }, {
      "ELEMENT": ":wdc:1372456076068"
   }, {
      "ELEMENT": ":wdc:1372456076069"
   }, {
      "ELEMENT": ":wdc:1372456076070"
   }, {
      "ELEMENT": ":wdc:1372456076071"
   }, {
      "ELEMENT": ":wdc:1372456076072"
   }, {
      "ELEMENT": ":wdc:1372456076073"
   }, {
      "ELEMENT": ":wdc:1372456076074"
   }, {
      "ELEMENT": ":wdc:1372456076075"
   }, {
      "ELEMENT": ":wdc:1372456076076"
   }, {
      "ELEMENT": ":wdc:1372456076077"
   }, {
      "ELEMENT": ":wdc:1372456076078"
   }, {
      "ELEMENT": ":wdc:1372456076079"
   }, {
      "ELEMENT": ":wdc:1372456076080"
   }, {
      "ELEMENT": ":wdc:1372456076081"
   }, {
      "ELEMENT": ":wdc:1372456076082"
   }, {
      "ELEMENT": ":wdc:1372456076083"
   }, {
      "ELEMENT": ":wdc:1372456076084"
   }, {
      "ELEMENT": ":wdc:1372456076085"
   }, {
      "ELEMENT": ":wdc:1372456076086"
   }, {
      "ELEMENT": ":wdc:1372456076087"
   }, {
      "ELEMENT": ":wdc:1372456076088"
   }, {
      "ELEMENT": ":wdc:1372456076089"
   }, {
      "ELEMENT": ":wdc:1372456076090"
   }, {
      "ELEMENT": ":wdc:1372456076091"
   }, {
      "ELEMENT": ":wdc:1372456076092"
   }, {
      "ELEMENT": ":wdc:1372456076093"
   }, {
      "ELEMENT": ":wdc:1372456076094"
   }, {
      "ELEMENT": ":wdc:1372456076095"
   }, {
      "ELEMENT": ":wdc:1372456076096"
   }, {
      "ELEMENT": ":wdc:1372456076097"
   }, {
      "ELEMENT": ":wdc:1372456076098"
   }, {
      "ELEMENT": ":wdc:1372456076099"
   }, {
      "ELEMENT": ":wdc:1372456076100"
   }, {
      "ELEMENT": ":wdc:1372456076101"
   }, {
      "ELEMENT": ":wdc:1372456076102"
   }, {
      "ELEMENT": ":wdc:1372456076103"
   }, {
      "ELEMENT": ":wdc:1372456076104"
   }, {
      "ELEMENT": ":wdc:1372456076105"
   }, {
      "ELEMENT": ":wdc:1372456076106"
   }, {
      "ELEMENT": ":wdc:1372456076107"
   }, {
      "ELEMENT": ":wdc:1372456076108"
   }, {
      "ELEMENT": ":wdc:1372456076109"
   }, {
      "ELEMENT": ":wdc:1372456076110"
   }, {
      "ELEMENT": ":wdc:1372456076111"
   }, {
      "ELEMENT": ":wdc:1372456076112"
   }, {
      "ELEMENT": ":wdc:1372456076113"
   }, {
      "ELEMENT": ":wdc:1372456076114"
   }, {
      "ELEMENT": ":wdc:1372456076115"
   }, {
      "ELEMENT": ":wdc:1372456076116"
   }, {
      "ELEMENT": ":wdc:1372456076117"
   }, {
      "ELEMENT": ":wdc:1372456076118"
   }, {
      "ELEMENT": ":wdc:1372456076119"
   }, {
      "ELEMENT": ":wdc:1372456076120"
   }, {
      "ELEMENT": ":wdc:1372456076121"
   }, {
      "ELEMENT": ":wdc:1372456076122"
   } ]
}

[12.795][FINE]:     Command received (/session/58140bad8abc7c9333d13fb3559a1bbd)
[12.853][INFO]:     Chrome shutdown
